2024-02-15T13:51:10+00:00 CRITICAL Maximum execution time of 120 seconds exceeded dans C:\xampp\htdocs\wordpress\wp-content\plugins\woocommerce\src\Blocks\Interactivity\scripts.php à la ligne 21

2024-02-15T13:51:13+00:00 CRITICAL Maximum execution time of 120 seconds exceeded dans C:\xampp\htdocs\wordpress\wp-content\plugins\woocommerce\src\Blocks\Assets\Api.php à la ligne 328

2024-02-15T13:51:15+00:00 CRITICAL Maximum execution time of 120 seconds exceeded dans C:\xampp\htdocs\wordpress\wp-content\plugins\woocommerce\src\Blocks\Payments\Api.php à la ligne 182

2024-02-15T13:51:16+00:00 CRITICAL Maximum execution time of 120 seconds exceeded dans C:\xampp\htdocs\wordpress\wp-content\plugins\woocommerce\src\Blocks\Domain\Services\DraftOrders.php à la ligne 237

2024-02-15T13:51:16+00:00 CRITICAL Maximum execution time of 120 seconds exceeded dans C:\xampp\htdocs\wordpress\wp-content\plugins\woocommerce\src\Blocks\Payments\Api.php à la ligne 182

2024-02-15T13:51:20+00:00 CRITICAL Maximum execution time of 120 seconds exceeded dans C:\xampp\htdocs\wordpress\wp-content\plugins\woocommerce\src\Blocks\Assets\AssetDataRegistry.php à la ligne 453

2024-02-15T13:51:21+00:00 CRITICAL Maximum execution time of 120 seconds exceeded dans C:\xampp\htdocs\wordpress\wp-content\plugins\woocommerce\src\Blocks\Assets\AssetDataRegistry.php à la ligne 453

2024-02-15T13:51:22+00:00 CRITICAL Maximum execution time of 120 seconds exceeded dans C:\xampp\htdocs\wordpress\wp-content\plugins\woocommerce\src\Blocks\Assets\Api.php à la ligne 328

2024-02-15T13:51:26+00:00 CRITICAL Maximum execution time of 120 seconds exceeded dans C:\xampp\htdocs\wordpress\wp-content\plugins\woocommerce\src\Blocks\Interactivity\scripts.php à la ligne 21

2024-02-15T13:51:32+00:00 CRITICAL Maximum execution time of 120 seconds exceeded dans C:\xampp\htdocs\wordpress\wp-includes\assets\script-loader-packages.min.php à la ligne 1

2024-02-15T13:51:45+00:00 CRITICAL Maximum execution time of 120 seconds exceeded dans C:\xampp\htdocs\wordpress\wp-includes\blocks.php à la ligne 356

2024-02-15T15:39:54+00:00 CRITICAL Maximum execution time of 120 seconds exceeded dans C:\xampp\htdocs\wordpress\wp-admin\includes\class-wp-privacy-data-removal-requests-list-table.php à la ligne 10

2024-02-15T15:47:44+00:00 CRITICAL Maximum execution time of 120 seconds exceeded dans C:\xampp\htdocs\wordpress\wp-content\plugins\woocommerce\packages\action-scheduler\classes\abstracts\ActionScheduler_Abstract_QueueRunner.php à la ligne 6

2024-02-15T15:49:07+00:00 CRITICAL Maximum execution time of 120 seconds exceeded dans C:\xampp\htdocs\wordpress\wp-content\plugins\woocommerce\includes\admin\class-wc-admin-menus.php à la ligne 22

2024-02-15T15:49:41+00:00 CRITICAL Maximum execution time of 120 seconds exceeded dans C:\xampp\htdocs\wordpress\wp-includes\cron.php à la ligne 909

2024-02-15T15:49:44+00:00 CRITICAL Maximum execution time of 120 seconds exceeded dans C:\xampp\htdocs\wordpress\wp-includes\Requests\src\Transport\Curl.php à la ligne 25

2024-02-15T16:03:31+00:00 CRITICAL Maximum execution time of 120 seconds exceeded dans C:\xampp\htdocs\wordpress\wp-admin\includes\class-wp-list-table.php à la ligne 1875

2024-02-15T16:05:15+00:00 CRITICAL Maximum execution time of 120 seconds exceeded in C:\xampp\htdocs\wordpress\wp-includes\pomo\mo.php on line 285

2024-02-15T16:05:20+00:00 CRITICAL Maximum execution time of 120 seconds exceeded dans C:\xampp\htdocs\wordpress\wp-content\plugins\woocommerce\src\Blocks\BlockTypes\AbstractBlock.php à la ligne 65

2024-02-15T16:05:21+00:00 CRITICAL Maximum execution time of 120 seconds exceeded dans C:\xampp\htdocs\wordpress\wp-content\plugins\woocommerce\src\Blocks\BlockTypes\AbstractBlock.php à la ligne 65

2024-02-15T16:05:23+00:00 CRITICAL Maximum execution time of 120 seconds exceeded dans C:\xampp\htdocs\wordpress\wp-includes\functions.php à la ligne 4593

2024-02-15T16:24:34+00:00 CRITICAL Maximum execution time of 120 seconds exceeded dans C:\xampp\htdocs\wordpress\wp-includes\functions.php à la ligne 6805

2024-02-15T16:24:41+00:00 CRITICAL Maximum execution time of 120 seconds exceeded dans C:\xampp\htdocs\wordpress\wp-includes\functions.php à la ligne 6805

2024-02-15T16:25:13+00:00 CRITICAL Maximum execution time of 120 seconds exceeded dans C:\xampp\htdocs\wordpress\wp-content\plugins\woocommerce\src\Internal\Admin\SiteHealth.php à la ligne 8

2024-02-15T16:25:46+00:00 CRITICAL Maximum execution time of 120 seconds exceeded dans C:\xampp\htdocs\wordpress\wp-content\plugins\woocommerce\packages\action-scheduler\classes\abstracts\ActionScheduler.php à la ligne 121

2024-02-15T16:25:59+00:00 CRITICAL Maximum execution time of 120 seconds exceeded dans C:\xampp\htdocs\wordpress\wp-includes\class-wpdb.php à la ligne 2349

2024-02-15T16:33:14+00:00 CRITICAL Maximum execution time of 120 seconds exceeded dans C:\xampp\htdocs\wordpress\wp-content\plugins\woocommerce\src\StoreApi\Schemas\V1\CheckoutOrderSchema.php à la ligne 38

2024-02-15T16:33:19+00:00 CRITICAL Maximum execution time of 120 seconds exceeded dans C:\xampp\htdocs\wordpress\wp-content\plugins\woocommerce\includes\rest-api\Controllers\Version1\class-wc-rest-product-reviews-v1-controller.php à la ligne 13

2024-02-15T16:33:19+00:00 CRITICAL Maximum execution time of 120 seconds exceeded dans C:\xampp\htdocs\wordpress\wp-content\plugins\woocommerce\includes\rest-api\Controllers\Version1\class-wc-rest-product-reviews-v1-controller.php à la ligne 13

2024-02-15T16:33:22+00:00 CRITICAL Maximum execution time of 120 seconds exceeded dans C:\xampp\htdocs\wordpress\wp-content\plugins\woocommerce\includes\rest-api\Controllers\Version1\class-wc-rest-orders-v1-controller.php à la ligne 16

2024-02-15T16:33:22+00:00 CRITICAL Maximum execution time of 120 seconds exceeded dans C:\xampp\htdocs\wordpress\wp-content\plugins\woocommerce\includes\wccom-site\installation\installation-steps\class-wc-wccom-site-installation-step-move-product.php à la ligne 14

2024-02-15T16:33:23+00:00 CRITICAL Maximum execution time of 120 seconds exceeded dans C:\xampp\htdocs\wordpress\wp-content\plugins\woocommerce\includes\rest-api\Controllers\Version1\class-wc-rest-webhooks-v1-controller.php à la ligne 11

2024-02-15T16:38:20+00:00 CRITICAL Maximum execution time of 120 seconds exceeded dans C:\xampp\htdocs\wordpress\wp-content\plugins\woocommerce\src\Admin\API\ProductAttributeTerms.php à la ligne 10

2024-02-15T16:38:29+00:00 CRITICAL Maximum execution time of 120 seconds exceeded dans C:\xampp\htdocs\wordpress\wp-content\plugins\woocommerce\includes\class-wc-autoloader.php à la ligne 53

2024-02-15T16:38:29+00:00 CRITICAL Maximum execution time of 120 seconds exceeded dans C:\xampp\htdocs\wordpress\wp-content\plugins\woocommerce\includes\class-wc-payment-gateways.php à la ligne 20

2024-02-15T16:38:29+00:00 CRITICAL Maximum execution time of 120 seconds exceeded dans C:\xampp\htdocs\wordpress\wp-content\plugins\woocommerce\src\StoreApi\Routes\V1\ProductsBySlug.php à la ligne 118

2024-02-15T16:38:29+00:00 CRITICAL Maximum execution time of 120 seconds exceeded dans C:\xampp\htdocs\wordpress\wp-content\plugins\woocommerce\src\StoreApi\Utilities\CartController.php à la ligne 23

2024-02-15T16:38:29+00:00 CRITICAL Maximum execution time of 120 seconds exceeded dans C:\xampp\htdocs\wordpress\wp-content\plugins\woocommerce\src\StoreApi\Utilities\OrderController.php à la ligne 745

